<?xml version="1.0" encoding="UTF-8"?>
<!-- Generated by org.testng.reporters.JUnitReportReporter -->
<testsuite skipped="0" hostname="DESKTOP-IRUA468" name="jenkinsMaven.org.Demo" tests="1" failures="0" timestamp="13 Mar 2019 11:01:36 GMT" time="14.856" errors="0">
  <testcase name="init" time="14.856" classname="jenkinsMaven.org.Demo"/>
</testsuite> <!-- jenkinsMaven.org.Demo -->
